2020-09-04 16:16:21 INFO  PluginTasksProjectComponent.projectOpened(77) - ---------- Project opened ----------
2020-09-04 16:16:21 INFO  PluginTasksProjectComponent.projectOpened(78) - ---------- Version 3.41 ----------

2020-09-04 16:16:21 INFO  ApacheHttpClient.createAsyncHttpClient(143) - 1 proxies selected. Type: DIRECT
2020-09-04 16:16:21 INFO  ApacheHttpClient.<init>(94) - ApacheHttpClient was successfully instantiated.
2020-09-04 16:16:21 INFO  ApacheHttpClient.testConnection(202) - responseCode = 200
2020-09-04 16:16:21 INFO  ApacheHttpClient.testConnection(217) - result = true
2020-09-04 16:16:21 INFO  ApacheHttpClient.isSessionAppropriateWithSecretKey(594) - Waiting for server response.
2020-09-04 16:16:22 INFO  ApacheHttpClient.refreshUserInfo(302) - responseCode = 200
2020-09-04 16:16:22 INFO  ApacheHttpClient.refreshUserInfo(308) - User information received.
2020-09-04 16:16:22 INFO  ApacheHttpClient.startGA(35) - GAService started.
2020-09-04 16:16:22 INFO  AbstractRestApiClient.startService(71) - EventsService started.
2020-09-04 16:16:31 INFO  ApacheHttpClient.getWebResourceAsStream(494) - responseCode = 200
2020-09-04 16:16:31 INFO  ApacheHttpClient.logout(625) - Waiting for server response.
2020-09-04 16:16:45 INFO  ApacheHttpClient.login(247) - Waiting for server response.
2020-09-04 16:16:45 INFO  ApacheHttpClient.login(251) - responseCode = 200
2020-09-04 16:16:45 INFO  ApacheHttpClient.login(274) - JSESSIONID OK
2020-09-04 16:16:46 INFO  ApacheHttpClient.getFilteredTasks(333) - responseCode = 200
2020-09-04 16:16:57 INFO  ApacheHttpClient.getFilteredTasks(333) - responseCode = 200
2020-09-04 16:17:08 INFO  ApacheHttpClient.getWebResourceAsStream(494) - responseCode = 200
2020-09-04 16:17:08 WARN  PluginUtil.getCurrentTask(71) - Error while retrieving the task key.
2020-09-04 16:17:08 WARN  PluginUtil.getCurrentDirectory(102) - Error while getting the current directory.
2020-09-04 16:17:08 ERROR StyleCheckButton.actionPerformed(94) - Error while checking code style.
2020-09-04 16:54:48 INFO  ApacheHttpClient.getWebResourceAsStream(494) - responseCode = 200
2020-09-04 16:54:48 INFO  ApacheHttpClient.getFilteredTasks(333) - responseCode = 200
2020-09-04 16:54:50 INFO  ApacheHttpClient.getTaskTemplateInfo(350) - responseCode = 200
2020-09-04 16:54:53 INFO  ApacheHttpClient.getWebResourceAsStream(494) - responseCode = 200
2020-09-04 16:55:22 INFO  ApacheHttpClient.sendEvent(527) - responseCode = 200
2020-09-04 16:56:29 INFO  ApacheHttpClient.sendEvent(527) - responseCode = 200
2020-09-04 16:57:22 INFO  ApacheHttpClient.sendEvent(527) - responseCode = 200
2020-09-04 16:58:22 INFO  ApacheHttpClient.sendEvent(527) - responseCode = 200
2020-09-04 16:59:22 INFO  ApacheHttpClient.sendEvent(527) - responseCode = 200
2020-09-04 17:00:22 INFO  ApacheHttpClient.sendEvent(527) - responseCode = 200
2020-09-04 17:01:22 INFO  ApacheHttpClient.sendEvent(527) - responseCode = 200
2020-09-04 17:02:22 INFO  ApacheHttpClient.sendEvent(527) - responseCode = 200
2020-09-04 17:03:22 INFO  ApacheHttpClient.sendEvent(527) - responseCode = 200
2020-09-04 17:04:22 INFO  ApacheHttpClient.sendEvent(527) - responseCode = 200
2020-09-04 17:05:22 INFO  ApacheHttpClient.sendEvent(527) - responseCode = 200
2020-09-04 17:06:22 INFO  ApacheHttpClient.sendEvent(527) - responseCode = 200
2020-09-04 17:07:22 INFO  ApacheHttpClient.sendEvent(527) - responseCode = 200
2020-09-04 17:08:22 INFO  ApacheHttpClient.sendEvent(527) - responseCode = 200
2020-09-04 17:09:22 INFO  ApacheHttpClient.sendEvent(527) - responseCode = 200
2020-09-04 17:09:59 INFO  PluginTasksProjectComponent.projectClosing(188) - ---------- Project closed ----------

2020-09-04 17:09:59 INFO  ApacheHttpClient.getTask(480) - responseCode = 200
2020-09-04 17:12:13 INFO  PluginTasksProjectComponent.projectOpened(77) - ---------- Project opened ----------
2020-09-04 17:12:13 INFO  PluginTasksProjectComponent.projectOpened(78) - ---------- Version 3.41 ----------

2020-09-04 17:12:13 INFO  PluginTasksProjectComponent.setAutoscrolls(366) - Autoscrolls successfully set
2020-09-04 17:12:14 INFO  ApacheHttpClient.createAsyncHttpClient(143) - 1 proxies selected. Type: DIRECT
2020-09-04 17:12:14 INFO  ApacheHttpClient.<init>(94) - ApacheHttpClient was successfully instantiated.
2020-09-04 17:12:15 INFO  ApacheHttpClient.testConnection(202) - responseCode = 200
2020-09-04 17:12:15 INFO  ApacheHttpClient.testConnection(217) - result = true
2020-09-04 17:12:15 INFO  ApacheHttpClient.isSessionAppropriateWithSecretKey(594) - Waiting for server response.
2020-09-04 17:12:15 INFO  ApacheHttpClient.refreshUserInfo(302) - responseCode = 200
2020-09-04 17:12:15 INFO  ApacheHttpClient.refreshUserInfo(308) - User information received.
2020-09-04 17:12:15 INFO  ApacheHttpClient.startGA(35) - GAService started.
2020-09-04 17:12:15 INFO  AbstractRestApiClient.startService(71) - EventsService started.
2020-09-04 17:12:28 INFO  ApacheHttpClient.getWebResourceAsStream(494) - responseCode = 200
2020-09-04 17:13:16 INFO  ApacheHttpClient.sendEvent(527) - responseCode = 200
2020-09-04 17:14:15 INFO  ApacheHttpClient.sendEvent(527) - responseCode = 200
2020-09-04 17:15:15 INFO  ApacheHttpClient.sendEvent(527) - responseCode = 200
2020-09-04 17:16:15 INFO  ApacheHttpClient.sendEvent(527) - responseCode = 200
2020-09-04 17:17:15 INFO  ApacheHttpClient.sendEvent(527) - responseCode = 200
2020-09-04 17:17:51 INFO  ApacheHttpClient.getWebResourceAsStream(494) - responseCode = 200
2020-09-04 17:18:15 INFO  ApacheHttpClient.sendEvent(527) - responseCode = 200
2020-09-04 17:19:15 INFO  ApacheHttpClient.sendEvent(527) - responseCode = 200
2020-09-04 17:20:15 INFO  ApacheHttpClient.sendEvent(527) - responseCode = 200
2020-09-04 17:21:16 INFO  ApacheHttpClient.sendEvent(527) - responseCode = 200
2020-09-04 17:22:15 INFO  ApacheHttpClient.sendEvent(527) - responseCode = 200
2020-09-04 17:23:15 INFO  ApacheHttpClient.sendEvent(527) - responseCode = 200
2020-09-04 17:24:15 INFO  ApacheHttpClient.sendEvent(527) - responseCode = 200
2020-09-04 17:25:15 INFO  ApacheHttpClient.sendEvent(527) - responseCode = 200
2020-09-04 17:26:23 INFO  ApacheHttpClient.sendEvent(527) - responseCode = 200
2020-09-04 17:27:15 INFO  ApacheHttpClient.sendEvent(527) - responseCode = 200
2020-09-04 17:28:16 INFO  ApacheHttpClient.sendEvent(527) - responseCode = 200
2020-09-04 17:29:15 INFO  ApacheHttpClient.sendEvent(527) - responseCode = 200
2020-09-04 17:30:15 INFO  ApacheHttpClient.sendEvent(527) - responseCode = 200
2020-09-04 17:31:15 INFO  ApacheHttpClient.sendEvent(527) - responseCode = 200
2020-09-04 17:32:16 INFO  ApacheHttpClient.sendEvent(527) - responseCode = 200
2020-09-04 17:33:15 INFO  ApacheHttpClient.sendEvent(527) - responseCode = 200
2020-09-04 17:34:16 INFO  ApacheHttpClient.sendEvent(527) - responseCode = 200
2020-09-04 17:35:15 INFO  ApacheHttpClient.sendEvent(527) - responseCode = 200
2020-09-04 17:36:15 INFO  ApacheHttpClient.sendEvent(527) - responseCode = 200
2020-09-04 17:37:15 INFO  ApacheHttpClient.sendEvent(527) - responseCode = 200
2020-09-04 17:38:15 INFO  ApacheHttpClient.sendEvent(527) - responseCode = 200
2020-09-04 17:39:15 INFO  ApacheHttpClient.sendEvent(527) - responseCode = 200
2020-09-04 17:40:15 INFO  ApacheHttpClient.sendEvent(527) - responseCode = 200
2020-09-04 17:41:15 INFO  ApacheHttpClient.sendEvent(527) - responseCode = 200
2020-09-04 17:42:16 INFO  ApacheHttpClient.sendEvent(527) - responseCode = 200
2020-09-04 17:43:15 INFO  ApacheHttpClient.sendEvent(527) - responseCode = 200
2020-09-04 17:44:16 INFO  ApacheHttpClient.sendEvent(527) - responseCode = 200
2020-09-04 17:45:15 INFO  ApacheHttpClient.sendEvent(527) - responseCode = 200
2020-09-04 17:46:15 INFO  ApacheHttpClient.sendEvent(527) - responseCode = 200
2020-09-04 17:47:15 INFO  ApacheHttpClient.sendEvent(527) - responseCode = 200
2020-09-04 17:48:15 INFO  ApacheHttpClient.sendEvent(527) - responseCode = 200
2020-09-04 17:49:15 INFO  ApacheHttpClient.sendEvent(527) - responseCode = 200
2020-09-04 17:50:15 INFO  ApacheHttpClient.sendEvent(527) - responseCode = 200
2020-09-04 17:51:15 INFO  ApacheHttpClient.sendEvent(527) - responseCode = 200
2020-09-04 17:52:15 INFO  ApacheHttpClient.sendEvent(527) - responseCode = 200
2020-09-04 17:53:15 INFO  ApacheHttpClient.sendEvent(527) - responseCode = 200
2020-09-04 17:54:31 INFO  ApacheHttpClient.sendEvent(527) - responseCode = 200
2020-09-04 17:55:16 INFO  ApacheHttpClient.sendEvent(527) - responseCode = 200
2020-09-04 17:56:15 INFO  ApacheHttpClient.sendEvent(527) - responseCode = 200
2020-09-04 17:57:15 INFO  ApacheHttpClient.sendEvent(527) - responseCode = 200
2020-09-04 17:58:15 INFO  ApacheHttpClient.sendEvent(527) - responseCode = 200
2020-09-04 17:59:16 INFO  ApacheHttpClient.sendEvent(527) - responseCode = 200
2020-09-04 18:00:15 INFO  ApacheHttpClient.sendEvent(527) - responseCode = 200
2020-09-04 18:01:15 INFO  ApacheHttpClient.sendEvent(527) - responseCode = 200
2020-09-04 18:02:15 INFO  ApacheHttpClient.sendEvent(527) - responseCode = 200
2020-09-04 18:03:15 INFO  ApacheHttpClient.sendEvent(527) - responseCode = 200
2020-09-04 18:04:15 INFO  ApacheHttpClient.sendEvent(527) - responseCode = 200
2020-09-04 18:05:15 INFO  ApacheHttpClient.sendEvent(527) - responseCode = 200
2020-09-04 18:06:15 INFO  ApacheHttpClient.sendEvent(527) - responseCode = 200
2020-09-04 18:07:15 INFO  ApacheHttpClient.sendEvent(527) - responseCode = 200
2020-09-04 18:08:15 INFO  ApacheHttpClient.sendEvent(527) - responseCode = 200
2020-09-04 18:09:15 INFO  ApacheHttpClient.sendEvent(527) - responseCode = 200
2020-09-04 18:10:15 INFO  ApacheHttpClient.sendEvent(527) - responseCode = 200
2020-09-04 18:11:16 INFO  ApacheHttpClient.sendEvent(527) - responseCode = 200
2020-09-04 18:12:15 INFO  ApacheHttpClient.sendEvent(527) - responseCode = 200
2020-09-04 18:13:15 INFO  ApacheHttpClient.sendEvent(527) - responseCode = 200
2020-09-04 18:14:15 INFO  ApacheHttpClient.sendEvent(527) - responseCode = 200
2020-09-04 18:15:15 INFO  ApacheHttpClient.sendEvent(527) - responseCode = 200
2020-09-04 18:16:15 INFO  ApacheHttpClient.sendEvent(527) - responseCode = 200
2020-09-04 18:17:15 INFO  ApacheHttpClient.sendEvent(527) - responseCode = 200
2020-09-04 18:18:15 INFO  ApacheHttpClient.sendEvent(527) - responseCode = 200
2020-09-04 18:19:15 INFO  ApacheHttpClient.sendEvent(527) - responseCode = 200
2020-09-04 18:20:16 INFO  ApacheHttpClient.sendEvent(527) - responseCode = 200
2020-09-04 18:21:09 INFO  ApacheHttpClient.getWebResourceAsStream(494) - responseCode = 200
2020-09-04 18:21:09 INFO  ApacheHttpClient.getWebResourceAsStream(494) - responseCode = 200
2020-09-04 18:21:09 INFO  ApacheHttpClient.getTask(480) - responseCode = 200
2020-09-04 18:21:10 INFO  ApacheHttpClient.completed(28) - responseCode = 200
2020-09-04 18:21:15 INFO  ApacheHttpClient.sendEvent(527) - responseCode = 200
2020-09-04 18:21:35 INFO  ApacheHttpClient.getWebResourceAsStream(494) - responseCode = 200
2020-09-04 18:21:35 INFO  ApacheHttpClient.getTask(480) - responseCode = 200
2020-09-04 18:21:40 INFO  ApacheHttpClient.getWebResourceAsStream(494) - responseCode = 200
2020-09-04 18:21:40 INFO  ApacheHttpClient.getTask(480) - responseCode = 200
2020-09-04 18:22:15 INFO  ApacheHttpClient.sendEvent(527) - responseCode = 200
2020-09-04 18:23:15 INFO  ApacheHttpClient.sendEvent(527) - responseCode = 200
2020-09-04 18:24:15 INFO  ApacheHttpClient.sendEvent(527) - responseCode = 200
2020-09-04 18:24:55 INFO  ApacheHttpClient.getWebResourceAsStream(494) - responseCode = 200
2020-09-04 18:24:56 INFO  ApacheHttpClient.getWebResourceAsStream(494) - responseCode = 200
2020-09-04 18:24:56 INFO  ApacheHttpClient.getTask(480) - responseCode = 200
2020-09-04 18:24:59 INFO  ApacheHttpClient.completed(28) - responseCode = 200
2020-09-04 18:24:59 INFO  ApacheHttpClient.getTask(480) - responseCode = 200
2020-09-04 18:25:15 INFO  ApacheHttpClient.sendEvent(527) - responseCode = 200
2020-09-04 18:26:15 INFO  ApacheHttpClient.sendEvent(527) - responseCode = 200
2020-09-04 18:27:15 INFO  ApacheHttpClient.sendEvent(527) - responseCode = 200
2020-09-04 18:28:16 INFO  ApacheHttpClient.sendEvent(527) - responseCode = 200
2020-09-04 18:29:15 INFO  ApacheHttpClient.sendEvent(527) - responseCode = 200
2020-09-04 18:30:15 INFO  ApacheHttpClient.sendEvent(527) - responseCode = 200
2020-09-04 18:31:18 INFO  ApacheHttpClient.sendEvent(527) - responseCode = 200
